{"/home/node/app/src/config.js": {"path":"/home/node/app/src/config.js","statementMap":{"0":{"start":{"line":1,"column":0},"end":{"line":1,"column":59}},"1":{"start":{"line":2,"column":0},"end":{"line":2,"column":85}},"2":{"start":{"line":3,"column":0},"end":{"line":3,"column":73}},"3":{"start":{"line":4,"column":0},"end":{"line":4,"column":66}},"4":{"start":{"line":5,"column":0},"end":{"line":5,"column":65}}},"fnMap":{},"branchMap":{"0":{"loc":{"start":{"line":1,"column":15},"end":{"line":1,"column":58}},"type":"binary-expr","locations":[{"start":{"line":1,"column":15},"end":{"line":1,"column":30}},{"start":{"line":1,"column":34},"end":{"line":1,"column":50}},{"start":{"line":1,"column":54},"end":{"line":1,"column":58}}],"line":1},"1":{"loc":{"start":{"line":2,"column":16},"end":{"line":2,"column":84}},"type":"binary-expr","locations":[{"start":{"line":2,"column":16},"end":{"line":2,"column":34}},{"start":{"line":2,"column":38},"end":{"line":2,"column":84}}],"line":2},"2":{"loc":{"start":{"line":3,"column":17},"end":{"line":3,"column":72}},"type":"binary-expr","locations":[{"start":{"line":3,"column":17},"end":{"line":3,"column":39}},{"start":{"line":3,"column":43},"end":{"line":3,"column":72}}],"line":3},"3":{"loc":{"start":{"line":4,"column":21},"end":{"line":4,"column":65}},"type":"binary-expr","locations":[{"start":{"line":4,"column":21},"end":{"line":4,"column":44}},{"start":{"line":4,"column":48},"end":{"line":4,"column":65}}],"line":4},"4":{"loc":{"start":{"line":5,"column":24},"end":{"line":5,"column":64}},"type":"binary-expr","locations":[{"start":{"line":5,"column":24},"end":{"line":5,"column":50}},{"start":{"line":5,"column":54},"end":{"line":5,"column":64}}],"line":5}},"s":{"0":1,"1":1,"2":1,"3":1,"4":1},"f":{},"b":{"0":[1,0,0],"1":[1,0],"2":[1,1],"3":[1,0],"4":[1,0]},"_coverageSchema":"43e27e138ebf9cfc5966b082cf9a028302ed4184","hash":"a7b525474d151133ac0ea9ebb1634b1e83fd0baa"}
,"/home/node/app/src/controller/users.controller.js": {"path":"/home/node/app/src/controller/users.controller.js","statementMap":{"0":{"start":{"line":1,"column":15},"end":{"line":1,"column":32}},"1":{"start":{"line":2,"column":13},"end":{"line":2,"column":44}},"2":{"start":{"line":3,"column":26},"end":{"line":3,"column":51}},"3":{"start":{"line":4,"column":23},"end":{"line":4,"column":48}},"4":{"start":{"line":6,"column":0},"end":{"line":124,"column":2}},"5":{"start":{"line":8,"column":16},"end":{"line":8,"column":65}},"6":{"start":{"line":10,"column":20},"end":{"line":14,"column":5}},"7":{"start":{"line":16,"column":30},"end":{"line":16,"column":62}},"8":{"start":{"line":18,"column":4},"end":{"line":26,"column":6}},"9":{"start":{"line":28,"column":4},"end":{"line":30,"column":7}},"10":{"start":{"line":34,"column":4},"end":{"line":47,"column":5}},"11":{"start":{"line":35,"column":22},"end":{"line":35,"column":48}},"12":{"start":{"line":36,"column":19},"end":{"line":36,"column":53}},"13":{"start":{"line":38,"column":6},"end":{"line":44,"column":9}},"14":{"start":{"line":46,"column":6},"end":{"line":46,"column":23}},"15":{"start":{"line":51,"column":4},"end":{"line":78,"column":5}},"16":{"start":{"line":52,"column":6},"end":{"line":52,"column":66}},"17":{"start":{"line":52,"column":49},"end":{"line":52,"column":66}},"18":{"start":{"line":55,"column":24},"end":{"line":55,"column":69}},"19":{"start":{"line":56,"column":6},"end":{"line":58,"column":7}},"20":{"start":{"line":57,"column":8},"end":{"line":57,"column":25}},"21":{"start":{"line":61,"column":6},"end":{"line":63,"column":7}},"22":{"start":{"line":62,"column":8},"end":{"line":62,"column":25}},"23":{"start":{"line":65,"column":6},"end":{"line":65,"column":65}},"24":{"start":{"line":67,"column":22},"end":{"line":67,"column":49}},"25":{"start":{"line":69,"column":6},"end":{"line":75,"column":9}},"26":{"start":{"line":77,"column":6},"end":{"line":77,"column":23}},"27":{"start":{"line":82,"column":4},"end":{"line":82,"column":64}},"28":{"start":{"line":82,"column":47},"end":{"line":82,"column":64}},"29":{"start":{"line":83,"column":16},"end":{"line":83,"column":42}},"30":{"start":{"line":85,"column":22},"end":{"line":85,"column":45}},"31":{"start":{"line":86,"column":4},"end":{"line":86,"column":37}},"32":{"start":{"line":86,"column":20},"end":{"line":86,"column":37}},"33":{"start":{"line":88,"column":4},"end":{"line":88,"column":49}},"34":{"start":{"line":88,"column":32},"end":{"line":88,"column":49}},"35":{"start":{"line":91,"column":4},"end":{"line":93,"column":5}},"36":{"start":{"line":92,"column":6},"end":{"line":92,"column":23}},"37":{"start":{"line":95,"column":17},"end":{"line":95,"column":25}},"38":{"start":{"line":96,"column":4},"end":{"line":96,"column":55}},"39":{"start":{"line":98,"column":23},"end":{"line":100,"column":6}},"40":{"start":{"line":102,"column":4},"end":{"line":102,"column":42}},"41":{"start":{"line":105,"column":4},"end":{"line":122,"column":5}},"42":{"start":{"line":106,"column":22},"end":{"line":106,"column":48}},"43":{"start":{"line":108,"column":24},"end":{"line":108,"column":51}},"44":{"start":{"line":109,"column":6},"end":{"line":109,"column":39}},"45":{"start":{"line":109,"column":22},"end":{"line":109,"column":39}},"46":{"start":{"line":111,"column":26},"end":{"line":111,"column":69}},"47":{"start":{"line":113,"column":6},"end":{"line":119,"column":9}},"48":{"start":{"line":121,"column":6},"end":{"line":121,"column":23}}},"fnMap":{"0":{"name":"(anonymous_0)","decl":{"start":{"line":7,"column":12},"end":{"line":7,"column":13}},"loc":{"start":{"line":7,"column":32},"end":{"line":31,"column":3}},"line":7},"1":{"name":"(anonymous_1)","decl":{"start":{"line":33,"column":14},"end":{"line":33,"column":15}},"loc":{"start":{"line":33,"column":40},"end":{"line":48,"column":3}},"line":33},"2":{"name":"(anonymous_2)","decl":{"start":{"line":50,"column":14},"end":{"line":50,"column":15}},"loc":{"start":{"line":50,"column":40},"end":{"line":79,"column":3}},"line":50},"3":{"name":"(anonymous_3)","decl":{"start":{"line":81,"column":14},"end":{"line":81,"column":15}},"loc":{"start":{"line":81,"column":40},"end":{"line":103,"column":3}},"line":81},"4":{"name":"(anonymous_4)","decl":{"start":{"line":104,"column":14},"end":{"line":104,"column":15}},"loc":{"start":{"line":104,"column":40},"end":{"line":123,"column":3}},"line":104}},"branchMap":{"0":{"loc":{"start":{"line":11,"column":13},"end":{"line":11,"column":48}},"type":"binary-expr","locations":[{"start":{"line":11,"column":13},"end":{"line":11,"column":42}},{"start":{"line":11,"column":46},"end":{"line":11,"column":48}}],"line":11},"1":{"loc":{"start":{"line":12,"column":12},"end":{"line":12,"column":45}},"type":"binary-expr","locations":[{"start":{"line":12,"column":12},"end":{"line":12,"column":40}},{"start":{"line":12,"column":44},"end":{"line":12,"column":45}}],"line":12},"2":{"loc":{"start":{"line":52,"column":6},"end":{"line":52,"column":66}},"type":"if","locations":[{"start":{"line":52,"column":6},"end":{"line":52,"column":66}},{"start":{"line":52,"column":6},"end":{"line":52,"column":66}}],"line":52},"3":{"loc":{"start":{"line":52,"column":10},"end":{"line":52,"column":47}},"type":"binary-expr","locations":[{"start":{"line":52,"column":10},"end":{"line":52,"column":25}},{"start":{"line":52,"column":29},"end":{"line":52,"column":47}}],"line":52},"4":{"loc":{"start":{"line":56,"column":6},"end":{"line":58,"column":7}},"type":"if","locations":[{"start":{"line":56,"column":6},"end":{"line":58,"column":7}},{"start":{"line":56,"column":6},"end":{"line":58,"column":7}}],"line":56},"5":{"loc":{"start":{"line":61,"column":6},"end":{"line":63,"column":7}},"type":"if","locations":[{"start":{"line":61,"column":6},"end":{"line":63,"column":7}},{"start":{"line":61,"column":6},"end":{"line":63,"column":7}}],"line":61},"6":{"loc":{"start":{"line":82,"column":4},"end":{"line":82,"column":64}},"type":"if","locations":[{"start":{"line":82,"column":4},"end":{"line":82,"column":64}},{"start":{"line":82,"column":4},"end":{"line":82,"column":64}}],"line":82},"7":{"loc":{"start":{"line":82,"column":8},"end":{"line":82,"column":45}},"type":"binary-expr","locations":[{"start":{"line":82,"column":8},"end":{"line":82,"column":23}},{"start":{"line":82,"column":27},"end":{"line":82,"column":45}}],"line":82},"8":{"loc":{"start":{"line":86,"column":4},"end":{"line":86,"column":37}},"type":"if","locations":[{"start":{"line":86,"column":4},"end":{"line":86,"column":37}},{"start":{"line":86,"column":4},"end":{"line":86,"column":37}}],"line":86},"9":{"loc":{"start":{"line":88,"column":4},"end":{"line":88,"column":49}},"type":"if","locations":[{"start":{"line":88,"column":4},"end":{"line":88,"column":49}},{"start":{"line":88,"column":4},"end":{"line":88,"column":49}}],"line":88},"10":{"loc":{"start":{"line":91,"column":4},"end":{"line":93,"column":5}},"type":"if","locations":[{"start":{"line":91,"column":4},"end":{"line":93,"column":5}},{"start":{"line":91,"column":4},"end":{"line":93,"column":5}}],"line":91},"11":{"loc":{"start":{"line":109,"column":6},"end":{"line":109,"column":39}},"type":"if","locations":[{"start":{"line":109,"column":6},"end":{"line":109,"column":39}},{"start":{"line":109,"column":6},"end":{"line":109,"column":39}}],"line":109}},"s":{"0":1,"1":1,"2":1,"3":1,"4":1,"5":1,"6":1,"7":1,"8":1,"9":1,"10":2,"11":2,"12":2,"13":2,"14":1,"15":7,"16":7,"17":1,"18":6,"19":6,"20":1,"21":5,"22":2,"23":3,"24":3,"25":3,"26":0,"27":7,"28":2,"29":5,"30":5,"31":5,"32":1,"33":4,"34":1,"35":3,"36":1,"37":2,"38":2,"39":2,"40":2,"41":2,"42":2,"43":2,"44":2,"45":1,"46":1,"47":1,"48":0},"f":{"0":1,"1":2,"2":7,"3":7,"4":2},"b":{"0":[1,0],"1":[1,0],"2":[1,6],"3":[7,7],"4":[1,5],"5":[2,3],"6":[2,5],"7":[7,6],"8":[1,4],"9":[1,3],"10":[1,2],"11":[1,1]},"_coverageSchema":"43e27e138ebf9cfc5966b082cf9a028302ed4184","hash":"8b9670fc355b32b3373dd1597ef955733b7ba7c8"}
,"/home/node/app/src/controller/__tests__/mock-express.js": {"path":"/home/node/app/src/controller/__tests__/mock-express.js","statementMap":{"0":{"start":{"line":1,"column":0},"end":{"line":14,"column":2}},"1":{"start":{"line":3,"column":19},"end":{"line":3,"column":22}},"2":{"start":{"line":5,"column":6},"end":{"line":5,"column":39}},"3":{"start":{"line":6,"column":6},"end":{"line":6,"column":18}},"4":{"start":{"line":9,"column":6},"end":{"line":9,"column":25}},"5":{"start":{"line":11,"column":19},"end":{"line":11,"column":23}},"6":{"start":{"line":13,"column":20},"end":{"line":13,"column":26}}},"fnMap":{"0":{"name":"(anonymous_0)","decl":{"start":{"line":3,"column":10},"end":{"line":3,"column":11}},"loc":{"start":{"line":3,"column":19},"end":{"line":3,"column":22}},"line":3},"1":{"name":"(anonymous_1)","decl":{"start":{"line":4,"column":4},"end":{"line":4,"column":5}},"loc":{"start":{"line":4,"column":27},"end":{"line":7,"column":5}},"line":4},"2":{"name":"(anonymous_2)","decl":{"start":{"line":8,"column":15},"end":{"line":8,"column":16}},"loc":{"start":{"line":8,"column":32},"end":{"line":10,"column":5}},"line":8},"3":{"name":"(anonymous_3)","decl":{"start":{"line":11,"column":9},"end":{"line":11,"column":10}},"loc":{"start":{"line":11,"column":19},"end":{"line":11,"column":23}},"line":11},"4":{"name":"(anonymous_4)","decl":{"start":{"line":13,"column":8},"end":{"line":13,"column":9}},"loc":{"start":{"line":13,"column":20},"end":{"line":13,"column":26}},"line":13}},"branchMap":{},"s":{"0":1,"1":8,"2":0,"3":0,"4":0,"5":1,"6":11},"f":{"0":8,"1":0,"2":0,"3":1,"4":11},"b":{},"_coverageSchema":"43e27e138ebf9cfc5966b082cf9a028302ed4184","hash":"00366e9a6ae08148e79bc77cffac1ff2954c882b"}
,"/home/node/app/src/models/user.model.js": {"path":"/home/node/app/src/models/user.model.js","statementMap":{"0":{"start":{"line":1,"column":17},"end":{"line":1,"column":36}},"1":{"start":{"line":2,"column":15},"end":{"line":2,"column":34}},"2":{"start":{"line":3,"column":24},"end":{"line":3,"column":60}},"3":{"start":{"line":4,"column":25},"end":{"line":4,"column":56}},"4":{"start":{"line":6,"column":19},"end":{"line":32,"column":1}},"5":{"start":{"line":13,"column":10},"end":{"line":15,"column":11}},"6":{"start":{"line":16,"column":28},"end":{"line":16,"column":66}},"7":{"start":{"line":25,"column":26},"end":{"line":25,"column":39}},"8":{"start":{"line":26,"column":28},"end":{"line":26,"column":69}},"9":{"start":{"line":34,"column":0},"end":{"line":41,"column":2}},"10":{"start":{"line":35,"column":2},"end":{"line":40,"column":3}},"11":{"start":{"line":36,"column":17},"end":{"line":36,"column":41}},"12":{"start":{"line":37,"column":4},"end":{"line":37,"column":45}},"13":{"start":{"line":39,"column":4},"end":{"line":39,"column":23}},"14":{"start":{"line":43,"column":0},"end":{"line":49,"column":2}},"15":{"start":{"line":44,"column":2},"end":{"line":48,"column":3}},"16":{"start":{"line":45,"column":4},"end":{"line":45,"column":57}},"17":{"start":{"line":47,"column":4},"end":{"line":47,"column":23}},"18":{"start":{"line":51,"column":0},"end":{"line":53,"column":3}},"19":{"start":{"line":55,"column":0},"end":{"line":55,"column":36}},"20":{"start":{"line":57,"column":0},"end":{"line":57,"column":52}}},"fnMap":{"0":{"name":"(anonymous_0)","decl":{"start":{"line":12,"column":19},"end":{"line":12,"column":20}},"loc":{"start":{"line":13,"column":10},"end":{"line":15,"column":11}},"line":13},"1":{"name":"(anonymous_1)","decl":{"start":{"line":16,"column":17},"end":{"line":16,"column":18}},"loc":{"start":{"line":16,"column":28},"end":{"line":16,"column":66}},"line":16},"2":{"name":"(anonymous_2)","decl":{"start":{"line":25,"column":19},"end":{"line":25,"column":20}},"loc":{"start":{"line":25,"column":26},"end":{"line":25,"column":39}},"line":25},"3":{"name":"(anonymous_3)","decl":{"start":{"line":26,"column":17},"end":{"line":26,"column":18}},"loc":{"start":{"line":26,"column":28},"end":{"line":26,"column":69}},"line":26},"4":{"name":"(anonymous_4)","decl":{"start":{"line":34,"column":37},"end":{"line":34,"column":38}},"loc":{"start":{"line":34,"column":57},"end":{"line":41,"column":1}},"line":34},"5":{"name":"comparePassword","decl":{"start":{"line":43,"column":52},"end":{"line":43,"column":67}},"loc":{"start":{"line":43,"column":78},"end":{"line":49,"column":1}},"line":43}},"branchMap":{},"s":{"0":1,"1":1,"2":1,"3":1,"4":1,"5":3,"6":0,"7":3,"8":0,"9":1,"10":0,"11":0,"12":0,"13":0,"14":1,"15":0,"16":0,"17":0,"18":1,"19":1,"20":1},"f":{"0":3,"1":0,"2":3,"3":0,"4":0,"5":0},"b":{},"_coverageSchema":"43e27e138ebf9cfc5966b082cf9a028302ed4184","hash":"2e573d1f02985a578f26bd12117522b63c6a5274"}
,"/home/node/app/src/utils/utils.js": {"path":"/home/node/app/src/utils/utils.js","statementMap":{"0":{"start":{"line":1,"column":0},"end":{"line":11,"column":2}},"1":{"start":{"line":2,"column":20},"end":{"line":2,"column":68}},"2":{"start":{"line":4,"column":19},"end":{"line":4,"column":73}},"3":{"start":{"line":6,"column":19},"end":{"line":6,"column":73}},"4":{"start":{"line":8,"column":19},"end":{"line":8,"column":75}},"5":{"start":{"line":10,"column":2},"end":{"line":10,"column":63}},"6":{"start":{"line":13,"column":0},"end":{"line":16,"column":2}},"7":{"start":{"line":14,"column":2},"end":{"line":14,"column":57}},"8":{"start":{"line":14,"column":32},"end":{"line":14,"column":57}},"9":{"start":{"line":15,"column":2},"end":{"line":15,"column":25}}},"fnMap":{"0":{"name":"(anonymous_0)","decl":{"start":{"line":1,"column":31},"end":{"line":1,"column":32}},"loc":{"start":{"line":1,"column":65},"end":{"line":11,"column":1}},"line":1},"1":{"name":"(anonymous_1)","decl":{"start":{"line":13,"column":28},"end":{"line":13,"column":29}},"loc":{"start":{"line":13,"column":40},"end":{"line":16,"column":1}},"line":13}},"branchMap":{"0":{"loc":{"start":{"line":14,"column":2},"end":{"line":14,"column":57}},"type":"if","locations":[{"start":{"line":14,"column":2},"end":{"line":14,"column":57}},{"start":{"line":14,"column":2},"end":{"line":14,"column":57}}],"line":14}},"s":{"0":1,"1":1,"2":1,"3":1,"4":1,"5":1,"6":1,"7":9,"8":9,"9":0},"f":{"0":1,"1":9},"b":{"0":[9,0]},"_coverageSchema":"43e27e138ebf9cfc5966b082cf9a028302ed4184","hash":"f5f695d16fe67094443a7b75565a9966cedf9796"}
}
