{"/home/ghlena/Desktop/laboratoria/LIM012-fe-burger-queen-api/src/controller/users.controller.js": {"path":"/home/ghlena/Desktop/laboratoria/LIM012-fe-burger-queen-api/src/controller/users.controller.js","statementMap":{"0":{"start":{"line":1,"column":15},"end":{"line":1,"column":32}},"1":{"start":{"line":2,"column":13},"end":{"line":2,"column":44}},"2":{"start":{"line":3,"column":26},"end":{"line":3,"column":51}},"3":{"start":{"line":4,"column":23},"end":{"line":4,"column":48}},"4":{"start":{"line":6,"column":0},"end":{"line":89,"column":2}},"5":{"start":{"line":8,"column":16},"end":{"line":8,"column":65}},"6":{"start":{"line":9,"column":20},"end":{"line":12,"column":5}},"7":{"start":{"line":13,"column":30},"end":{"line":13,"column":62}},"8":{"start":{"line":14,"column":4},"end":{"line":22,"column":6}},"9":{"start":{"line":24,"column":4},"end":{"line":26,"column":7}},"10":{"start":{"line":29,"column":4},"end":{"line":41,"column":5}},"11":{"start":{"line":30,"column":22},"end":{"line":30,"column":48}},"12":{"start":{"line":31,"column":19},"end":{"line":31,"column":46}},"13":{"start":{"line":32,"column":6},"end":{"line":38,"column":9}},"14":{"start":{"line":40,"column":6},"end":{"line":40,"column":16}},"15":{"start":{"line":44,"column":4},"end":{"line":57,"column":5}},"16":{"start":{"line":45,"column":6},"end":{"line":45,"column":59}},"17":{"start":{"line":45,"column":49},"end":{"line":45,"column":59}},"18":{"start":{"line":46,"column":6},"end":{"line":46,"column":65}},"19":{"start":{"line":47,"column":22},"end":{"line":47,"column":49}},"20":{"start":{"line":48,"column":6},"end":{"line":54,"column":9}},"21":{"start":{"line":56,"column":6},"end":{"line":56,"column":16}},"22":{"start":{"line":60,"column":4},"end":{"line":72,"column":5}},"23":{"start":{"line":61,"column":6},"end":{"line":61,"column":59}},"24":{"start":{"line":61,"column":49},"end":{"line":61,"column":59}},"25":{"start":{"line":62,"column":6},"end":{"line":62,"column":36}},"26":{"start":{"line":62,"column":26},"end":{"line":62,"column":36}},"27":{"start":{"line":63,"column":18},"end":{"line":63,"column":44}},"28":{"start":{"line":64,"column":19},"end":{"line":64,"column":27}},"29":{"start":{"line":65,"column":6},"end":{"line":65,"column":57}},"30":{"start":{"line":66,"column":25},"end":{"line":68,"column":8}},"31":{"start":{"line":69,"column":6},"end":{"line":69,"column":37}},"32":{"start":{"line":71,"column":6},"end":{"line":71,"column":16}},"33":{"start":{"line":75,"column":4},"end":{"line":87,"column":5}},"34":{"start":{"line":76,"column":22},"end":{"line":76,"column":48}},"35":{"start":{"line":77,"column":26},"end":{"line":77,"column":62}},"36":{"start":{"line":78,"column":6},"end":{"line":84,"column":9}},"37":{"start":{"line":86,"column":6},"end":{"line":86,"column":16}}},"fnMap":{"0":{"name":"(anonymous_0)","decl":{"start":{"line":7,"column":12},"end":{"line":7,"column":13}},"loc":{"start":{"line":7,"column":32},"end":{"line":27,"column":3}},"line":7},"1":{"name":"(anonymous_1)","decl":{"start":{"line":28,"column":14},"end":{"line":28,"column":15}},"loc":{"start":{"line":28,"column":40},"end":{"line":42,"column":3}},"line":28},"2":{"name":"(anonymous_2)","decl":{"start":{"line":43,"column":14},"end":{"line":43,"column":15}},"loc":{"start":{"line":43,"column":40},"end":{"line":58,"column":3}},"line":43},"3":{"name":"(anonymous_3)","decl":{"start":{"line":59,"column":14},"end":{"line":59,"column":15}},"loc":{"start":{"line":59,"column":40},"end":{"line":73,"column":3}},"line":59},"4":{"name":"(anonymous_4)","decl":{"start":{"line":74,"column":14},"end":{"line":74,"column":15}},"loc":{"start":{"line":74,"column":40},"end":{"line":88,"column":3}},"line":74}},"branchMap":{"0":{"loc":{"start":{"line":10,"column":13},"end":{"line":10,"column":48}},"type":"binary-expr","locations":[{"start":{"line":10,"column":13},"end":{"line":10,"column":42}},{"start":{"line":10,"column":46},"end":{"line":10,"column":48}}],"line":10},"1":{"loc":{"start":{"line":11,"column":12},"end":{"line":11,"column":45}},"type":"binary-expr","locations":[{"start":{"line":11,"column":12},"end":{"line":11,"column":40}},{"start":{"line":11,"column":44},"end":{"line":11,"column":45}}],"line":11},"2":{"loc":{"start":{"line":45,"column":6},"end":{"line":45,"column":59}},"type":"if","locations":[{"start":{"line":45,"column":6},"end":{"line":45,"column":59}},{"start":{"line":45,"column":6},"end":{"line":45,"column":59}}],"line":45},"3":{"loc":{"start":{"line":45,"column":10},"end":{"line":45,"column":47}},"type":"binary-expr","locations":[{"start":{"line":45,"column":10},"end":{"line":45,"column":25}},{"start":{"line":45,"column":29},"end":{"line":45,"column":47}}],"line":45},"4":{"loc":{"start":{"line":61,"column":6},"end":{"line":61,"column":59}},"type":"if","locations":[{"start":{"line":61,"column":6},"end":{"line":61,"column":59}},{"start":{"line":61,"column":6},"end":{"line":61,"column":59}}],"line":61},"5":{"loc":{"start":{"line":61,"column":10},"end":{"line":61,"column":47}},"type":"binary-expr","locations":[{"start":{"line":61,"column":10},"end":{"line":61,"column":25}},{"start":{"line":61,"column":29},"end":{"line":61,"column":47}}],"line":61},"6":{"loc":{"start":{"line":62,"column":6},"end":{"line":62,"column":36}},"type":"if","locations":[{"start":{"line":62,"column":6},"end":{"line":62,"column":36}},{"start":{"line":62,"column":6},"end":{"line":62,"column":36}}],"line":62}},"s":{"0":1,"1":1,"2":1,"3":1,"4":1,"5":0,"6":0,"7":0,"8":0,"9":0,"10":0,"11":0,"12":0,"13":0,"14":0,"15":0,"16":0,"17":0,"18":0,"19":0,"20":0,"21":0,"22":0,"23":0,"24":0,"25":0,"26":0,"27":0,"28":0,"29":0,"30":0,"31":0,"32":0,"33":0,"34":0,"35":0,"36":0,"37":0},"f":{"0":0,"1":0,"2":0,"3":0,"4":0},"b":{"0":[0,0],"1":[0,0],"2":[0,0],"3":[0,0],"4":[0,0],"5":[0,0],"6":[0,0]},"_coverageSchema":"43e27e138ebf9cfc5966b082cf9a028302ed4184","hash":"9b41408b9284b5b9268d282eb51875a96a0cbc64"}
,"/home/ghlena/Desktop/laboratoria/LIM012-fe-burger-queen-api/src/models/user.model.js": {"path":"/home/ghlena/Desktop/laboratoria/LIM012-fe-burger-queen-api/src/models/user.model.js","statementMap":{"0":{"start":{"line":1,"column":17},"end":{"line":1,"column":36}},"1":{"start":{"line":2,"column":15},"end":{"line":2,"column":34}},"2":{"start":{"line":4,"column":25},"end":{"line":4,"column":56}},"3":{"start":{"line":6,"column":19},"end":{"line":18,"column":1}},"4":{"start":{"line":20,"column":0},"end":{"line":27,"column":2}},"5":{"start":{"line":21,"column":2},"end":{"line":26,"column":3}},"6":{"start":{"line":22,"column":17},"end":{"line":22,"column":41}},"7":{"start":{"line":23,"column":4},"end":{"line":23,"column":45}},"8":{"start":{"line":25,"column":4},"end":{"line":25,"column":23}},"9":{"start":{"line":29,"column":0},"end":{"line":35,"column":2}},"10":{"start":{"line":30,"column":2},"end":{"line":34,"column":3}},"11":{"start":{"line":31,"column":4},"end":{"line":31,"column":57}},"12":{"start":{"line":33,"column":4},"end":{"line":33,"column":23}},"13":{"start":{"line":36,"column":0},"end":{"line":36,"column":36}},"14":{"start":{"line":38,"column":0},"end":{"line":38,"column":52}}},"fnMap":{"0":{"name":"(anonymous_0)","decl":{"start":{"line":20,"column":37},"end":{"line":20,"column":38}},"loc":{"start":{"line":20,"column":57},"end":{"line":27,"column":1}},"line":20},"1":{"name":"comparePassword","decl":{"start":{"line":29,"column":52},"end":{"line":29,"column":67}},"loc":{"start":{"line":29,"column":78},"end":{"line":35,"column":1}},"line":29}},"branchMap":{},"s":{"0":1,"1":1,"2":1,"3":1,"4":1,"5":0,"6":0,"7":0,"8":0,"9":1,"10":0,"11":0,"12":0,"13":1,"14":1},"f":{"0":0,"1":0},"b":{},"_coverageSchema":"43e27e138ebf9cfc5966b082cf9a028302ed4184","hash":"e3eeee98a4d5e2b96427a09b7574a54dd7c49932"}
,"/home/ghlena/Desktop/laboratoria/LIM012-fe-burger-queen-api/src/utils/utils.js": {"path":"/home/ghlena/Desktop/laboratoria/LIM012-fe-burger-queen-api/src/utils/utils.js","statementMap":{"0":{"start":{"line":1,"column":0},"end":{"line":11,"column":2}},"1":{"start":{"line":2,"column":20},"end":{"line":2,"column":68}},"2":{"start":{"line":4,"column":19},"end":{"line":4,"column":73}},"3":{"start":{"line":6,"column":19},"end":{"line":6,"column":73}},"4":{"start":{"line":8,"column":19},"end":{"line":8,"column":75}},"5":{"start":{"line":10,"column":2},"end":{"line":10,"column":63}},"6":{"start":{"line":13,"column":0},"end":{"line":16,"column":2}},"7":{"start":{"line":14,"column":2},"end":{"line":14,"column":57}},"8":{"start":{"line":14,"column":32},"end":{"line":14,"column":57}},"9":{"start":{"line":15,"column":2},"end":{"line":15,"column":25}}},"fnMap":{"0":{"name":"(anonymous_0)","decl":{"start":{"line":1,"column":31},"end":{"line":1,"column":32}},"loc":{"start":{"line":1,"column":65},"end":{"line":11,"column":1}},"line":1},"1":{"name":"(anonymous_1)","decl":{"start":{"line":13,"column":28},"end":{"line":13,"column":29}},"loc":{"start":{"line":13,"column":40},"end":{"line":16,"column":1}},"line":13}},"branchMap":{"0":{"loc":{"start":{"line":14,"column":2},"end":{"line":14,"column":57}},"type":"if","locations":[{"start":{"line":14,"column":2},"end":{"line":14,"column":57}},{"start":{"line":14,"column":2},"end":{"line":14,"column":57}}],"line":14}},"s":{"0":1,"1":0,"2":0,"3":0,"4":0,"5":0,"6":1,"7":0,"8":0,"9":0},"f":{"0":0,"1":0},"b":{"0":[0,0]},"_coverageSchema":"43e27e138ebf9cfc5966b082cf9a028302ed4184","hash":"8acc5c0404e34bb2c45e1491dcb52d79683d0c0d"}
}
