TN:
SF:/home/node/app/src/config.js
FNF:0
FNH:0
DA:1,1
DA:2,1
DA:3,1
DA:4,1
DA:5,1
LF:5
LH:5
BRDA:1,0,0,1
BRDA:1,0,1,0
BRDA:1,0,2,0
BRDA:2,1,0,1
BRDA:2,1,1,0
BRDA:3,2,0,1
BRDA:3,2,1,1
BRDA:4,3,0,1
BRDA:4,3,1,0
BRDA:5,4,0,1
BRDA:5,4,1,0
BRF:11
BRH:6
end_of_record
TN:
SF:/home/node/app/src/controller/users.controller.js
FN:7,(anonymous_0)
FN:33,(anonymous_1)
FN:50,(anonymous_2)
FN:81,(anonymous_3)
FN:104,(anonymous_4)
FNF:5
FNH:5
FNDA:1,(anonymous_0)
FNDA:2,(anonymous_1)
FNDA:7,(anonymous_2)
FNDA:7,(anonymous_3)
FNDA:2,(anonymous_4)
DA:1,1
DA:2,1
DA:3,1
DA:4,1
DA:6,1
DA:8,1
DA:10,1
DA:16,1
DA:18,1
DA:28,1
DA:34,2
DA:35,2
DA:36,2
DA:38,2
DA:46,1
DA:51,7
DA:52,7
DA:55,6
DA:56,6
DA:57,1
DA:61,5
DA:62,2
DA:65,3
DA:67,3
DA:69,3
DA:77,0
DA:82,7
DA:83,5
DA:85,5
DA:86,5
DA:88,4
DA:91,3
DA:92,1
DA:95,2
DA:96,2
DA:98,2
DA:102,2
DA:105,2
DA:106,2
DA:108,2
DA:109,2
DA:111,1
DA:113,1
DA:121,0
LF:44
LH:42
BRDA:11,0,0,1
BRDA:11,0,1,0
BRDA:12,1,0,1
BRDA:12,1,1,0
BRDA:52,2,0,1
BRDA:52,2,1,6
BRDA:52,3,0,7
BRDA:52,3,1,7
BRDA:56,4,0,1
BRDA:56,4,1,5
BRDA:61,5,0,2
BRDA:61,5,1,3
BRDA:82,6,0,2
BRDA:82,6,1,5
BRDA:82,7,0,7
BRDA:82,7,1,6
BRDA:86,8,0,1
BRDA:86,8,1,4
BRDA:88,9,0,1
BRDA:88,9,1,3
BRDA:91,10,0,1
BRDA:91,10,1,2
BRDA:109,11,0,1
BRDA:109,11,1,1
BRF:24
BRH:22
end_of_record
TN:
SF:/home/node/app/src/controller/__tests__/mock-express.js
FN:3,(anonymous_0)
FN:4,(anonymous_1)
FN:8,(anonymous_2)
FN:11,(anonymous_3)
FN:13,(anonymous_4)
FNF:5
FNH:3
FNDA:8,(anonymous_0)
FNDA:0,(anonymous_1)
FNDA:0,(anonymous_2)
FNDA:1,(anonymous_3)
FNDA:11,(anonymous_4)
DA:1,1
DA:3,8
DA:5,0
DA:6,0
DA:9,0
DA:11,1
DA:13,11
LF:7
LH:4
BRF:0
BRH:0
end_of_record
TN:
SF:/home/node/app/src/models/user.model.js
FN:12,(anonymous_0)
FN:16,(anonymous_1)
FN:25,(anonymous_2)
FN:26,(anonymous_3)
FN:34,(anonymous_4)
FN:43,comparePassword
FNF:6
FNH:2
FNDA:3,(anonymous_0)
FNDA:0,(anonymous_1)
FNDA:3,(anonymous_2)
FNDA:0,(anonymous_3)
FNDA:0,(anonymous_4)
FNDA:0,comparePassword
DA:1,1
DA:2,1
DA:3,1
DA:4,1
DA:6,1
DA:13,3
DA:16,0
DA:25,3
DA:26,0
DA:34,1
DA:35,0
DA:36,0
DA:37,0
DA:39,0
DA:43,1
DA:44,0
DA:45,0
DA:47,0
DA:51,1
DA:55,1
DA:57,1
LF:21
LH:12
BRF:0
BRH:0
end_of_record
TN:
SF:/home/node/app/src/utils/utils.js
FN:1,(anonymous_0)
FN:13,(anonymous_1)
FNF:2
FNH:2
FNDA:1,(anonymous_0)
FNDA:9,(anonymous_1)
DA:1,1
DA:2,1
DA:4,1
DA:6,1
DA:8,1
DA:10,1
DA:13,1
DA:14,9
DA:15,0
LF:9
LH:8
BRDA:14,0,0,9
BRDA:14,0,1,0
BRF:2
BRH:1
end_of_record
