TN:
SF:/home/ghlena/Desktop/laboratoria/LIM012-fe-burger-queen-api/src/controller/users.controller.js
FN:7,(anonymous_0)
FN:28,(anonymous_1)
FN:43,(anonymous_2)
FN:59,(anonymous_3)
FN:74,(anonymous_4)
FNF:5
FNH:0
FNDA:0,(anonymous_0)
FNDA:0,(anonymous_1)
FNDA:0,(anonymous_2)
FNDA:0,(anonymous_3)
FNDA:0,(anonymous_4)
DA:1,1
DA:2,1
DA:3,1
DA:4,1
DA:6,1
DA:8,0
DA:9,0
DA:13,0
DA:14,0
DA:24,0
DA:29,0
DA:30,0
DA:31,0
DA:32,0
DA:40,0
DA:44,0
DA:45,0
DA:46,0
DA:47,0
DA:48,0
DA:56,0
DA:60,0
DA:61,0
DA:62,0
DA:63,0
DA:64,0
DA:65,0
DA:66,0
DA:69,0
DA:71,0
DA:75,0
DA:76,0
DA:77,0
DA:78,0
DA:86,0
LF:35
LH:5
BRDA:10,0,0,0
BRDA:10,0,1,0
BRDA:11,1,0,0
BRDA:11,1,1,0
BRDA:45,2,0,0
BRDA:45,2,1,0
BRDA:45,3,0,0
BRDA:45,3,1,0
BRDA:61,4,0,0
BRDA:61,4,1,0
BRDA:61,5,0,0
BRDA:61,5,1,0
BRDA:62,6,0,0
BRDA:62,6,1,0
BRF:14
BRH:0
end_of_record
TN:
SF:/home/ghlena/Desktop/laboratoria/LIM012-fe-burger-queen-api/src/models/user.model.js
FN:20,(anonymous_0)
FN:29,comparePassword
FNF:2
FNH:0
FNDA:0,(anonymous_0)
FNDA:0,comparePassword
DA:1,1
DA:2,1
DA:4,1
DA:6,1
DA:20,1
DA:21,0
DA:22,0
DA:23,0
DA:25,0
DA:29,1
DA:30,0
DA:31,0
DA:33,0
DA:36,1
DA:38,1
LF:15
LH:8
BRF:0
BRH:0
end_of_record
TN:
SF:/home/ghlena/Desktop/laboratoria/LIM012-fe-burger-queen-api/src/utils/utils.js
FN:1,(anonymous_0)
FN:13,(anonymous_1)
FNF:2
FNH:0
FNDA:0,(anonymous_0)
FNDA:0,(anonymous_1)
DA:1,1
DA:2,0
DA:4,0
DA:6,0
DA:8,0
DA:10,0
DA:13,1
DA:14,0
DA:15,0
LF:9
LH:2
BRDA:14,0,0,0
BRDA:14,0,1,0
BRF:2
BRH:0
end_of_record
